2021-07-08 09:24:29.739  INFO 9656 --- [main] com.example.Test                         : Starting Test on JJ with PID 9656 (started by DoYou in C:\Users\DoYou\Desktop\wenjianguanli)
2021-07-08 09:24:29.746  INFO 9656 --- [main] com.example.Test                         : No active profile set, falling back to default profiles: default
2021-07-08 09:24:30.857  WARN 9656 --- [main] o.m.s.mapper.ClassPathMapperScanner      : No MyBatis mapper was found in '[com.example]' package. Please check your configuration.
2021-07-08 09:24:32.867  INFO 9656 --- [main] o.s.s.concurrent.ThreadPoolTaskExecutor  : Initializing ExecutorService 'applicationTaskExecutor'
2021-07-08 09:24:33.382  INFO 9656 --- [main] com.example.Test                         : Started Test in 4.121 seconds (JVM running for 5.573)
2021-07-08 09:24:33.982  INFO 9656 --- [main] com.zaxxer.hikari.HikariDataSource       : HikariPool-1 - Starting...
2021-07-08 09:24:34.442  INFO 9656 --- [main] com.zaxxer.hikari.HikariDataSource       : HikariPool-1 - Start completed.
2021-07-08 09:24:34.511  INFO 9656 --- [Thread-2] o.s.s.concurrent.ThreadPoolTaskExecutor  : Shutting down ExecutorService 'applicationTaskExecutor'
2021-07-08 09:24:34.514  INFO 9656 --- [Thread-2] com.zaxxer.hikari.HikariDataSource       : HikariPool-1 - Shutdown initiated...
2021-07-08 09:24:34.517  INFO 9656 --- [Thread-2] com.zaxxer.hikari.HikariDataSource       : HikariPool-1 - Shutdown completed.
2021-07-08 09:26:59.477  INFO 11772 --- [main] com.example.Test                         : Starting Test on JJ with PID 11772 (started by DoYou in C:\Users\DoYou\Desktop\wenjianguanli)
2021-07-08 09:26:59.478  INFO 11772 --- [main] com.example.Test                         : No active profile set, falling back to default profiles: default
2021-07-08 09:27:00.062  WARN 11772 --- [main] o.m.s.mapper.ClassPathMapperScanner      : No MyBatis mapper was found in '[com.example]' package. Please check your configuration.
2021-07-08 09:27:01.881  INFO 11772 --- [main] o.s.s.concurrent.ThreadPoolTaskExecutor  : Initializing ExecutorService 'applicationTaskExecutor'
2021-07-08 09:27:02.346  INFO 11772 --- [main] com.example.Test                         : Started Test in 4.115 seconds (JVM running for 5.002)
2021-07-08 09:27:02.590  INFO 11772 --- [main] com.zaxxer.hikari.HikariDataSource       : HikariPool-1 - Starting...
2021-07-08 09:27:02.774  INFO 11772 --- [main] com.zaxxer.hikari.HikariDataSource       : HikariPool-1 - Start completed.
2021-07-08 09:27:02.829  INFO 11772 --- [Thread-4] o.s.s.concurrent.ThreadPoolTaskExecutor  : Shutting down ExecutorService 'applicationTaskExecutor'
2021-07-08 09:27:02.831  INFO 11772 --- [Thread-4] com.zaxxer.hikari.HikariDataSource       : HikariPool-1 - Shutdown initiated...
2021-07-08 09:27:02.833  INFO 11772 --- [Thread-4] com.zaxxer.hikari.HikariDataSource       : HikariPool-1 - Shutdown completed.
2021-07-08 09:28:41.577  INFO 10384 --- [main] com.example.Test                         : Starting Test on JJ with PID 10384 (started by DoYou in C:\Users\DoYou\Desktop\wenjianguanli)
2021-07-08 09:28:41.579  INFO 10384 --- [main] com.example.Test                         : No active profile set, falling back to default profiles: default
2021-07-08 09:28:42.096  WARN 10384 --- [main] o.m.s.mapper.ClassPathMapperScanner      : No MyBatis mapper was found in '[com.example]' package. Please check your configuration.
2021-07-08 09:28:43.667  INFO 10384 --- [main] o.s.s.concurrent.ThreadPoolTaskExecutor  : Initializing ExecutorService 'applicationTaskExecutor'
2021-07-08 09:28:44.128  INFO 10384 --- [main] com.example.Test                         : Started Test in 5.411 seconds (JVM running for 6.294)
2021-07-08 09:28:44.328  INFO 10384 --- [main] com.zaxxer.hikari.HikariDataSource       : HikariPool-1 - Starting...
2021-07-08 09:28:44.495  INFO 10384 --- [main] com.zaxxer.hikari.HikariDataSource       : HikariPool-1 - Start completed.
2021-07-08 09:28:44.546  INFO 10384 --- [Thread-4] o.s.s.concurrent.ThreadPoolTaskExecutor  : Shutting down ExecutorService 'applicationTaskExecutor'
2021-07-08 09:28:44.548  INFO 10384 --- [Thread-4] com.zaxxer.hikari.HikariDataSource       : HikariPool-1 - Shutdown initiated...
2021-07-08 09:28:44.552  INFO 10384 --- [Thread-4] com.zaxxer.hikari.HikariDataSource       : HikariPool-1 - Shutdown completed.
2021-07-08 09:29:46.442  INFO 712 --- [main] com.example.Test                         : Starting Test on JJ with PID 712 (started by DoYou in C:\Users\DoYou\Desktop\wenjianguanli)
2021-07-08 09:29:46.443  INFO 712 --- [main] com.example.Test                         : No active profile set, falling back to default profiles: default
2021-07-08 09:29:47.080  WARN 712 --- [main] o.m.s.mapper.ClassPathMapperScanner      : No MyBatis mapper was found in '[com.example]' package. Please check your configuration.
2021-07-08 09:29:48.636  INFO 712 --- [main] o.s.s.concurrent.ThreadPoolTaskExecutor  : Initializing ExecutorService 'applicationTaskExecutor'
2021-07-08 09:29:49.179  INFO 712 --- [main] com.example.Test                         : Started Test in 3.197 seconds (JVM running for 4.065)
2021-07-08 09:29:49.391  INFO 712 --- [main] com.zaxxer.hikari.HikariDataSource       : HikariPool-1 - Starting...
2021-07-08 09:29:49.568  INFO 712 --- [main] com.zaxxer.hikari.HikariDataSource       : HikariPool-1 - Start completed.
2021-07-08 09:29:49.637  INFO 712 --- [Thread-2] o.s.s.concurrent.ThreadPoolTaskExecutor  : Shutting down ExecutorService 'applicationTaskExecutor'
2021-07-08 09:29:49.637  INFO 712 --- [Thread-2] com.zaxxer.hikari.HikariDataSource       : HikariPool-1 - Shutdown initiated...
2021-07-08 09:29:49.641  INFO 712 --- [Thread-2] com.zaxxer.hikari.HikariDataSource       : HikariPool-1 - Shutdown completed.
2021-07-08 09:31:35.680  INFO 8856 --- [main] com.example.Test                         : Starting Test on JJ with PID 8856 (started by DoYou in C:\Users\DoYou\Desktop\wenjianguanli)
2021-07-08 09:31:35.682  INFO 8856 --- [main] com.example.Test                         : No active profile set, falling back to default profiles: default
2021-07-08 09:31:36.351  WARN 8856 --- [main] o.m.s.mapper.ClassPathMapperScanner      : No MyBatis mapper was found in '[com.example]' package. Please check your configuration.
2021-07-08 09:31:37.934  INFO 8856 --- [main] o.s.s.concurrent.ThreadPoolTaskExecutor  : Initializing ExecutorService 'applicationTaskExecutor'
2021-07-08 09:31:38.455  INFO 8856 --- [main] com.example.Test                         : Started Test in 3.149 seconds (JVM running for 4.015)
2021-07-08 09:31:38.659  INFO 8856 --- [main] com.zaxxer.hikari.HikariDataSource       : HikariPool-1 - Starting...
2021-07-08 09:31:38.807  INFO 8856 --- [main] com.zaxxer.hikari.HikariDataSource       : HikariPool-1 - Start completed.
2021-07-08 09:31:38.857  INFO 8856 --- [Thread-2] o.s.s.concurrent.ThreadPoolTaskExecutor  : Shutting down ExecutorService 'applicationTaskExecutor'
2021-07-08 09:31:38.860  INFO 8856 --- [Thread-2] com.zaxxer.hikari.HikariDataSource       : HikariPool-1 - Shutdown initiated...
2021-07-08 09:31:38.862  INFO 8856 --- [Thread-2] com.zaxxer.hikari.HikariDataSource       : HikariPool-1 - Shutdown completed.
2021-07-08 09:32:39.657  INFO 7912 --- [main] com.example.Test                         : Starting Test on JJ with PID 7912 (started by DoYou in C:\Users\DoYou\Desktop\wenjianguanli)
2021-07-08 09:32:39.658  INFO 7912 --- [main] com.example.Test                         : No active profile set, falling back to default profiles: default
2021-07-08 09:32:40.402  WARN 7912 --- [main] o.m.s.mapper.ClassPathMapperScanner      : No MyBatis mapper was found in '[com.example]' package. Please check your configuration.
2021-07-08 09:32:41.930  INFO 7912 --- [main] o.s.s.concurrent.ThreadPoolTaskExecutor  : Initializing ExecutorService 'applicationTaskExecutor'
2021-07-08 09:32:42.416  INFO 7912 --- [main] com.example.Test                         : Started Test in 3.119 seconds (JVM running for 3.971)
2021-07-08 09:32:42.612  INFO 7912 --- [main] com.zaxxer.hikari.HikariDataSource       : HikariPool-1 - Starting...
2021-07-08 09:32:42.772  INFO 7912 --- [main] com.zaxxer.hikari.HikariDataSource       : HikariPool-1 - Start completed.
2021-07-08 09:32:42.823  INFO 7912 --- [Thread-2] o.s.s.concurrent.ThreadPoolTaskExecutor  : Shutting down ExecutorService 'applicationTaskExecutor'
2021-07-08 09:32:42.824  INFO 7912 --- [Thread-2] com.zaxxer.hikari.HikariDataSource       : HikariPool-1 - Shutdown initiated...
2021-07-08 09:32:42.828  INFO 7912 --- [Thread-2] com.zaxxer.hikari.HikariDataSource       : HikariPool-1 - Shutdown completed.
